{
  "RSpec": {
    "coverage": {
      "/home/azbury/tic-tac-toe-rb-online-web-sp-000/lib/tic_tac_toe.rb": [
        null,
        1,
        null,
        null,
        null,
        null,
        null,
        null,
        null,
        null,
        null,
        1,
        0,
        0,
        0,
        0,
        0,
        null,
        null,
        1,
        0,
        null,
        null,
        1,
        0,
        0,
        null,
        null,
        1,
        0,
        null,
        null,
        1,
        0,
        0,
        null,
        0,
        null,
        null,
        null,
        1,
        0,
        0,
        0,
        0,
        null,
        null,
        0,
        null,
        null,
        1,
        0,
        0,
        null,
        0,
        null,
        null,
        null,
        1,
        0,
        0,
        0,
        0,
        0,
        0,
        0,
        null,
        0,
        null,
        null,
        null,
        1,
        12,
        58,
        6,
        null,
        null,
        6,
        null,
        null,
        1,
        36,
        null,
        null,
        1,
        7,
        2,
        null,
        5,
        null,
        null,
        null,
        1,
        8,
        2,
        6,
        3,
        null,
        3,
        null,
        null,
        null,
        1,
        5,
        5,
        null,
        null,
        3,
        null,
        null,
        null,
        1,
        12,
        5,
        5,
        2,
        null,
        3,
        null,
        null,
        null
      ]
    },
    "timestamp": 1565530959
  }
}
